09:01:29.214  1071 DEBUG fr.sparna.rdf.xls2rdf.app.Convert - Will use output format : text/turtle
09:01:29.216  1073 DEBUG fr.sparna.rdf.xls2rdf.app.Convert - Will use ModelWriter : fr.sparna.rdf.xls2rdf.OutputStreamModelWriter
09:01:30.210  2067 DEBUG f.s.rdf.xls2rdf.Xls2RdfConverter - Processing sheet: Sheet1
09:01:30.218  2075 INFO  f.sparna.rdf.xls2rdf.RdfizableSheet - Found proper property in header : https://www.w3id.org/ontoforge/digital-twin-taxonomy/
09:01:30.218  2075 INFO  f.sparna.rdf.xls2rdf.RdfizableSheet - Found proper property in header : http://purl.org/dc/terms/
09:01:30.220  2077 INFO  f.sparna.rdf.xls2rdf.RdfizableSheet - Found proper property in header : https://orcid.org/0000-0002-6570-6966
09:01:30.221  2078 INFO  f.sparna.rdf.xls2rdf.RdfizableSheet - Found proper property in header : https://orcid.org/0000-0002-6570-6966
09:01:30.222  2079 INFO  f.sparna.rdf.xls2rdf.RdfizableSheet - Found proper property in header : http://creativecommons.org/licenses/by/4.0/
09:01:30.223  2080 INFO  f.sparna.rdf.xls2rdf.RdfizableSheet - Found proper property in header : http://www.w3.org/2004/02/skos/core#prefLabel
09:01:30.224  2081 INFO  f.sparna.rdf.xls2rdf.RdfizableSheet - Found proper property in header : http://www.w3.org/2004/02/skos/core#definition
09:01:30.225  2082 INFO  f.sparna.rdf.xls2rdf.RdfizableSheet - Found proper property in header : http://www.w3.org/2004/02/skos/core#altLabel
09:01:30.225  2082 INFO  f.sparna.rdf.xls2rdf.RdfizableSheet - Found proper property in header : http://www.w3.org/2004/02/skos/core#broader
09:01:30.225  2082 INFO  f.sparna.rdf.xls2rdf.RdfizableSheet - Found proper property in header : http://www.w3.org/2004/02/skos/core#exactMatch
09:01:30.226  2083 INFO  f.sparna.rdf.xls2rdf.RdfizableSheet - Found proper property in header : http://www.w3.org/2004/02/skos/core#closeMatch
09:01:30.226  2083 INFO  f.sparna.rdf.xls2rdf.RdfizableSheet - Found proper property in header : http://www.w3.org/2004/02/skos/core#related
09:01:30.226  2083 INFO  f.sparna.rdf.xls2rdf.RdfizableSheet - Found proper property in header : http://purl.org/dc/terms/creator
09:01:30.226  2083 INFO  f.sparna.rdf.xls2rdf.RdfizableSheet - Found proper property in header : http://purl.org/dc/terms/contributor
09:01:30.226  2083 INFO  f.sparna.rdf.xls2rdf.RdfizableSheet - Found at least 2 headers with proper property declaration in the first 10 columns, title row is at index 14
09:01:30.227  2084 DEBUG f.s.rdf.xls2rdf.Xls2RdfConverter - Found title row at index 14
09:01:30.234  2091 DEBUG f.s.rdf.xls2rdf.Xls2RdfConverter - Adding value on header object "Digital Twin Taxonomy" with lang en
09:01:30.237  2094 DEBUG f.s.rdf.xls2rdf.Xls2RdfConverter - Adding value on header object "Digital Twin Taxonomy" with lang en
09:01:30.237  2094 DEBUG f.s.rdf.xls2rdf.Xls2RdfConverter - Adding value on header object "A taxonomical organization of digital twin system concepts and digital twin types" with lang en
09:01:30.238  2095 DEBUG f.s.rdf.xls2rdf.Xls2RdfConverter - Adding value on header object "https://orcid.org/0000-0002-6570-6966" with lang en
09:01:30.238  2095 DEBUG f.s.rdf.xls2rdf.Xls2RdfConverter - Adding value on header object "OST - Ostschweizer Fachhochschule" with lang en
09:01:30.238  2095 DEBUG f.s.rdf.xls2rdf.Xls2RdfConverter - Adding value on header object "https://orcid.org/0000-0002-6570-6966" with lang en
09:01:30.238  2095 DEBUG f.s.rdf.xls2rdf.Xls2RdfConverter - Adding value on header object "http://creativecommons.org/licenses/by/4.0/" with lang en
09:01:30.239  2096 DEBUG f.s.rdf.xls2rdf.Xls2RdfConverter - Adding value on header object "0.0.4" with lang en
09:01:30.239  2096 DEBUG f.s.rdf.xls2rdf.Xls2RdfConverter - Adding value on header object "0.0.4" with lang en
09:01:30.239  2096 DEBUG f.s.rdf.xls2rdf.Xls2RdfConverter - Converting data with these column headers: 
09:01:30.239  2096 DEBUG f.s.rdf.xls2rdf.Xls2RdfConverter - ColumnHeader [originalValue=Identifier, language=Optional.empty, datatype=Optional.empty, property=null, declaredProperty=Identifier, inverse=false, parameters={}, id=null, reconcileOn=null, headerCell=Identifier]
09:01:30.239  2096 DEBUG f.s.rdf.xls2rdf.Xls2RdfConverter - ColumnHeader [originalValue=skos:prefLabel, language=Optional.empty, datatype=Optional.empty, property=http://www.w3.org/2004/02/skos/core#prefLabel, declaredProperty=skos:prefLabel, inverse=false, parameters={}, id=null, reconcileOn=null, headerCell=skos:prefLabel]
09:01:30.240  2097 DEBUG f.s.rdf.xls2rdf.Xls2RdfConverter - ColumnHeader [originalValue=skos:definition@en, language=Optional[en], datatype=Optional.empty, property=http://www.w3.org/2004/02/skos/core#definition, declaredProperty=skos:definition, inverse=false, parameters={}, id=null, reconcileOn=null, headerCell=skos:definition@en]
09:01:30.240  2097 DEBUG f.s.rdf.xls2rdf.Xls2RdfConverter - ColumnHeader [originalValue=skos:altLabel(separator=","), language=Optional.empty, datatype=Optional.empty, property=http://www.w3.org/2004/02/skos/core#altLabel, declaredProperty=skos:altLabel, inverse=false, parameters={separator=,}, id=null, reconcileOn=null, headerCell=skos:altLabel(separator=",")]
09:01:30.240  2097 DEBUG f.s.rdf.xls2rdf.Xls2RdfConverter - ColumnHeader [originalValue=skos:broader(separator=","), language=Optional.empty, datatype=Optional.empty, property=http://www.w3.org/2004/02/skos/core#broader, declaredProperty=skos:broader, inverse=false, parameters={separator=,}, id=null, reconcileOn=null, headerCell=skos:broader(separator=",")]
09:01:30.240  2097 DEBUG f.s.rdf.xls2rdf.Xls2RdfConverter - ColumnHeader [originalValue=skos:exactMatch(separator=","), language=Optional.empty, datatype=Optional.empty, property=http://www.w3.org/2004/02/skos/core#exactMatch, declaredProperty=skos:exactMatch, inverse=false, parameters={separator=,}, id=null, reconcileOn=null, headerCell=skos:exactMatch(separator=",")]
09:01:30.241  2098 DEBUG f.s.rdf.xls2rdf.Xls2RdfConverter - ColumnHeader [originalValue=skos:closeMatch(separator=","), language=Optional.empty, datatype=Optional.empty, property=http://www.w3.org/2004/02/skos/core#closeMatch, declaredProperty=skos:closeMatch, inverse=false, parameters={separator=,}, id=null, reconcileOn=null, headerCell=skos:closeMatch(separator=",")]
09:01:30.241  2098 DEBUG f.s.rdf.xls2rdf.Xls2RdfConverter - ColumnHeader [originalValue=skos:related(separator=","), language=Optional.empty, datatype=Optional.empty, property=http://www.w3.org/2004/02/skos/core#related, declaredProperty=skos:related, inverse=false, parameters={separator=,}, id=null, reconcileOn=null, headerCell=skos:related(separator=",")]
09:01:30.242  2099 DEBUG f.s.rdf.xls2rdf.Xls2RdfConverter - ColumnHeader [originalValue=dct:creator(separator=","), language=Optional.empty, datatype=Optional.empty, property=http://purl.org/dc/terms/creator, declaredProperty=dct:creator, inverse=false, parameters={separator=,}, id=null, reconcileOn=null, headerCell=dct:creator(separator=",")]
09:01:30.242  2099 DEBUG f.s.rdf.xls2rdf.Xls2RdfConverter - ColumnHeader [originalValue=dct:contributor(separator=","), language=Optional.empty, datatype=Optional.empty, property=http://purl.org/dc/terms/contributor, declaredProperty=dct:contributor, inverse=false, parameters={separator=,}, id=null, reconcileOn=null, headerCell=dct:contributor(separator=",")]
09:01:30.242  2099 DEBUG f.s.rdf.xls2rdf.Xls2RdfConverter - ColumnHeader [originalValue=dct:bibliographicCitation(separator=","), language=Optional.empty, datatype=Optional.empty, property=http://purl.org/dc/terms/bibliographicCitation, declaredProperty=dct:bibliographicCitation, inverse=false, parameters={separator=,}, id=null, reconcileOn=null, headerCell=dct:bibliographicCitation(separator=",")]
09:01:30.242  2099 DEBUG f.s.rdf.xls2rdf.Xls2RdfConverter - ColumnHeader [originalValue=dct:references(separator=","), language=Optional.empty, datatype=Optional.empty, property=http://purl.org/dc/terms/references, declaredProperty=dct:references, inverse=false, parameters={separator=,}, id=null, reconcileOn=null, headerCell=dct:references(separator=",")]
09:01:30.242  2099 DEBUG f.s.rdf.xls2rdf.Xls2RdfConverter - ColumnHeader [originalValue=skos:editorialNote@en, language=Optional[en], datatype=Optional.empty, property=http://www.w3.org/2004/02/skos/core#editorialNote, declaredProperty=skos:editorialNote, inverse=false, parameters={}, id=null, reconcileOn=null, headerCell=skos:editorialNote@en]
09:01:30.242  2099 DEBUG f.s.rdf.xls2rdf.Xls2RdfConverter - ColumnHeader [originalValue=skos:note@en, language=Optional[en], datatype=Optional.empty, property=http://www.w3.org/2004/02/skos/core#note, declaredProperty=skos:note, inverse=false, parameters={}, id=null, reconcileOn=null, headerCell=skos:note@en]
09:01:30.242  2099 INFO  f.s.rdf.xls2rdf.Xls2RdfConverter - Converting rows...
09:01:30.282  2139 INFO  f.s.rdf.xls2rdf.Xls2RdfConverter - Applying SKOS post-processings on the result
09:01:30.282  2139 DEBUG f.s.rdf.xls2rdf.SkosPostProcessor - Postprocessing : SkosPostProcessor
09:01:30.283  2140 DEBUG f.s.rdf.xls2rdf.SkosPostProcessor - Considering main resource like a ConceptScheme.
09:01:30.285  2142 DEBUG f.s.rdf.xls2rdf.SkosPostProcessor - Adding inverse skos:broader and skos:narrower
09:01:30.288  2145 DEBUG f.s.rdf.xls2rdf.SkosPostProcessor - Adding skos:inScheme
09:01:30.289  2146 DEBUG f.s.rdf.xls2rdf.SkosPostProcessor - Setting rdf:type skos:ConceptScheme to main resource
09:01:30.290  2147 DEBUG f.s.rdf.xls2rdf.SkosPostProcessor - Adding skos:hasTopConcept / skos:topConceptOf
09:01:30.291  2148 DEBUG f.s.rdf.xls2rdf.Xls2RdfConverter - Saving graph of 386 statements generated from Sheet Sheet1
